-------------------------------------------------------------------------------
Test set: br.com.newtonbeltrao.forum.ForumApplicationTests
-------------------------------------------------------------------------------
Tests run: 1, Failures: 0, Errors: 1, Skipped: 0, Time elapsed: 10.883 s <<< FAILURE! - in br.com.newtonbeltrao.forum.ForumApplicationTests
contextLoads  Time elapsed: 0.021 s  <<< ERROR!
java.lang.IllegalStateException: Failed to load ApplicationContext
Caused by: org.springframework.context.ApplicationContextException: Failed to start bean 'documentationPluginsBootstrapper'; nested exception is java.lang.NullPointerException
Caused by: java.lang.NullPointerException

